[      47ms] [LOG] particles.js loaded - callback @ http://localhost:1313/p/%E5%8D%9A%E5%AE%A2%E5%8A%9F%E8%83%BD%E6%8A%80%E6%9C%AF%E8%A7%A3%E6%9E%90-%E4%BB%8E%E9%9F%B3%E4%B9%90%E6%92%AD%E6%94%BE%E5%99%A8%E5%88%B0%E5%8A%A8%E6%80%81%E8%83%8C%E6%99%AF/:1276
[      48ms] [LOG] 
 %c APlayer v1.10.1 af84efb %c http://aplayer.js.org 
 color: #fadfa3; background: #030307; padding:5px 0; background: #fadfa3; padding:5px 0; @ http://localhost:1313/lib/aplayer/APlayer.min.js:0
[     282ms] [WARNING] Failed to execute 'postMessage' on 'DOMWindow': The target origin provided ('https://giscus.app') does not match the recipient window's origin ('http://localhost:1313'). @ http://localhost:1313/p/%E5%8D%9A%E5%AE%A2%E5%8A%9F%E8%83%BD%E6%8A%80%E6%9C%AF%E8%A7%A3%E6%9E%90-%E4%BB%8E%E9%9F%B3%E4%B9%90%E6%92%AD%E6%94%BE%E5%99%A8%E5%88%B0%E5%8A%A8%E6%80%81%E8%83%8C%E6%99%AF/:1187
[   25783ms] [ERROR] WebSocket connection to 'ws://localhost:1313/livereload' failed: Error in connection establishment: net::ERR_CONNECTION_REFUSED @ http://localhost:1313/livereload.js?mindelay=10&v=2&port=1313&path=livereload:1
[   28141ms] [ERROR] WebSocket connection to 'ws://localhost:1313/livereload' failed: Error in connection establishment: net::ERR_CONNECTION_REFUSED @ http://localhost:1313/livereload.js?mindelay=10&v=2&port=1313&path=livereload:1
[   30535ms] [ERROR] WebSocket connection to 'ws://localhost:1313/livereload' failed: Error in connection establishment: net::ERR_CONNECTION_REFUSED @ http://localhost:1313/livereload.js?mindelay=10&v=2&port=1313&path=livereload:1
[   33003ms] [ERROR] WebSocket connection to 'ws://localhost:1313/livereload' failed: Error in connection establishment: net::ERR_CONNECTION_REFUSED @ http://localhost:1313/livereload.js?mindelay=10&v=2&port=1313&path=livereload:1
[   35531ms] [ERROR] WebSocket connection to 'ws://localhost:1313/livereload' failed: Error in connection establishment: net::ERR_CONNECTION_REFUSED @ http://localhost:1313/livereload.js?mindelay=10&v=2&port=1313&path=livereload:1
[   38237ms] [ERROR] WebSocket connection to 'ws://localhost:1313/livereload' failed: Error in connection establishment: net::ERR_CONNECTION_REFUSED @ http://localhost:1313/livereload.js?mindelay=10&v=2&port=1313&path=livereload:1
[   41253ms] [ERROR] WebSocket connection to 'ws://localhost:1313/livereload' failed: Error in connection establishment: net::ERR_CONNECTION_REFUSED @ http://localhost:1313/livereload.js?mindelay=10&v=2&port=1313&path=livereload:1
[  183308ms] [LOG] particles.js loaded - callback @ http://localhost:1313/p/%E5%8D%9A%E5%AE%A2%E5%8A%9F%E8%83%BD%E6%8A%80%E6%9C%AF%E8%A7%A3%E6%9E%90-%E4%BB%8E%E9%9F%B3%E4%B9%90%E6%92%AD%E6%94%BE%E5%99%A8%E5%88%B0%E5%8A%A8%E6%80%81%E8%83%8C%E6%99%AF/:1276
[  183309ms] [LOG] 
 %c APlayer v1.10.1 af84efb %c http://aplayer.js.org 
 color: #fadfa3; background: #030307; padding:5px 0; background: #fadfa3; padding:5px 0; @ http://localhost:1313/lib/aplayer/APlayer.min.js:0
[  185463ms] [WARNING] Failed to execute 'postMessage' on 'DOMWindow': The target origin provided ('https://giscus.app') does not match the recipient window's origin ('http://localhost:1313'). @ http://localhost:1313/p/%E5%8D%9A%E5%AE%A2%E5%8A%9F%E8%83%BD%E6%8A%80%E6%9C%AF%E8%A7%A3%E6%9E%90-%E4%BB%8E%E9%9F%B3%E4%B9%90%E6%92%AD%E6%94%BE%E5%99%A8%E5%88%B0%E5%8A%A8%E6%80%81%E8%83%8C%E6%99%AF/:1187
[  193306ms] [LOG] 
 %c APlayer v1.10.1 af84efb %c http://aplayer.js.org 
 color: #fadfa3; background: #030307; padding:5px 0; background: #fadfa3; padding:5px 0; @ http://localhost:1313/lib/aplayer/APlayer.min.js:0
[  193313ms] [LOG] particles.js loaded - callback @ http://localhost:1313/p/%E5%8D%9A%E5%AE%A2%E5%8A%9F%E8%83%BD%E6%8A%80%E6%9C%AF%E8%A7%A3%E6%9E%90-%E4%BB%8E%E9%9F%B3%E4%B9%90%E6%92%AD%E6%94%BE%E5%99%A8%E5%88%B0%E5%8A%A8%E6%80%81%E8%83%8C%E6%99%AF/:1276
[  193504ms] [WARNING] Failed to execute 'postMessage' on 'DOMWindow': The target origin provided ('https://giscus.app') does not match the recipient window's origin ('http://localhost:1313'). @ http://localhost:1313/p/%E5%8D%9A%E5%AE%A2%E5%8A%9F%E8%83%BD%E6%8A%80%E6%9C%AF%E8%A7%A3%E6%9E%90-%E4%BB%8E%E9%9F%B3%E4%B9%90%E6%92%AD%E6%94%BE%E5%99%A8%E5%88%B0%E5%8A%A8%E6%80%81%E8%83%8C%E6%99%AF/:1187
[  238417ms] [LOG] particles.js loaded - callback @ http://localhost:1313/p/%E5%8D%9A%E5%AE%A2%E5%8A%9F%E8%83%BD%E6%8A%80%E6%9C%AF%E8%A7%A3%E6%9E%90-%E4%BB%8E%E9%9F%B3%E4%B9%90%E6%92%AD%E6%94%BE%E5%99%A8%E5%88%B0%E5%8A%A8%E6%80%81%E8%83%8C%E6%99%AF/:1276
[  238419ms] [LOG] 
 %c APlayer v1.10.1 af84efb %c http://aplayer.js.org 
 color: #fadfa3; background: #030307; padding:5px 0; background: #fadfa3; padding:5px 0; @ http://localhost:1313/lib/aplayer/APlayer.min.js:0
[  238601ms] [WARNING] Failed to execute 'postMessage' on 'DOMWindow': The target origin provided ('https://giscus.app') does not match the recipient window's origin ('http://localhost:1313'). @ http://localhost:1313/p/%E5%8D%9A%E5%AE%A2%E5%8A%9F%E8%83%BD%E6%8A%80%E6%9C%AF%E8%A7%A3%E6%9E%90-%E4%BB%8E%E9%9F%B3%E4%B9%90%E6%92%AD%E6%94%BE%E5%99%A8%E5%88%B0%E5%8A%A8%E6%80%81%E8%83%8C%E6%99%AF/:1187
[  247405ms] [ERROR] WebSocket connection to 'ws://localhost:1313/livereload' failed: Error in connection establishment: net::ERR_CONNECTION_REFUSED @ http://localhost:1313/livereload.js?mindelay=10&v=2&port=1313&path=livereload:1
[  249781ms] [ERROR] WebSocket connection to 'ws://localhost:1313/livereload' failed: Error in connection establishment: net::ERR_CONNECTION_REFUSED @ http://localhost:1313/livereload.js?mindelay=10&v=2&port=1313&path=livereload:1
[  252193ms] [ERROR] WebSocket connection to 'ws://localhost:1313/livereload' failed: Error in connection establishment: net::ERR_CONNECTION_REFUSED @ http://localhost:1313/livereload.js?mindelay=10&v=2&port=1313&path=livereload:1
[  254616ms] [ERROR] WebSocket connection to 'ws://localhost:1313/livereload' failed: Error in connection establishment: net::ERR_CONNECTION_REFUSED @ http://localhost:1313/livereload.js?mindelay=10&v=2&port=1313&path=livereload:1
[  257108ms] [ERROR] WebSocket connection to 'ws://localhost:1313/livereload' failed: Error in connection establishment: net::ERR_CONNECTION_REFUSED @ http://localhost:1313/livereload.js?mindelay=10&v=2&port=1313&path=livereload:1
[  259754ms] [ERROR] WebSocket connection to 'ws://localhost:1313/livereload' failed: Error in connection establishment: net::ERR_CONNECTION_REFUSED @ http://localhost:1313/livereload.js?mindelay=10&v=2&port=1313&path=livereload:1
[  262775ms] [ERROR] WebSocket connection to 'ws://localhost:1313/livereload' failed: Error in connection establishment: net::ERR_CONNECTION_REFUSED @ http://localhost:1313/livereload.js?mindelay=10&v=2&port=1313&path=livereload:1
[  266419ms] [ERROR] WebSocket connection to 'ws://localhost:1313/livereload' failed: Error in connection establishment: net::ERR_CONNECTION_REFUSED @ http://localhost:1313/livereload.js?mindelay=10&v=2&port=1313&path=livereload:1
[  271347ms] [ERROR] WebSocket connection to 'ws://localhost:1313/livereload' failed: Error in connection establishment: net::ERR_CONNECTION_REFUSED @ http://localhost:1313/livereload.js?mindelay=10&v=2&port=1313&path=livereload:1
[  278842ms] [ERROR] WebSocket connection to 'ws://localhost:1313/livereload' failed: Error in connection establishment: net::ERR_CONNECTION_REFUSED @ http://localhost:1313/livereload.js?mindelay=10&v=2&port=1313&path=livereload:1
