[     991ms] [LOG] particles.js loaded - callback @ http://localhost:1313/p/%E5%8D%9A%E5%AE%A2%E5%8A%9F%E8%83%BD%E6%8A%80%E6%9C%AF%E8%A7%A3%E6%9E%90-%E4%BB%8E%E9%9F%B3%E4%B9%90%E6%92%AD%E6%94%BE%E5%99%A8%E5%88%B0%E5%8A%A8%E6%80%81%E8%83%8C%E6%99%AF/:1287
[     993ms] [LOG] 
 %c APlayer v1.10.1 af84efb %c http://aplayer.js.org 
 color: #fadfa3; background: #030307; padding:5px 0; background: #fadfa3; padding:5px 0; @ http://localhost:1313/lib/aplayer/APlayer.min.js:0
[    1365ms] [WARNING] Failed to execute 'postMessage' on 'DOMWindow': The target origin provided ('https://giscus.app') does not match the recipient window's origin ('http://localhost:1313'). @ http://localhost:1313/p/%E5%8D%9A%E5%AE%A2%E5%8A%9F%E8%83%BD%E6%8A%80%E6%9C%AF%E8%A7%A3%E6%9E%90-%E4%BB%8E%E9%9F%B3%E4%B9%90%E6%92%AD%E6%94%BE%E5%99%A8%E5%88%B0%E5%8A%A8%E6%80%81%E8%83%8C%E6%99%AF/:1198
[   14934ms] [ERROR] WebSocket connection to 'ws://localhost:1313/livereload' failed: Error in connection establishment: net::ERR_CONNECTION_REFUSED @ http://localhost:1313/livereload.js?mindelay=10&v=2&port=1313&path=livereload:1
[   17310ms] [ERROR] WebSocket connection to 'ws://localhost:1313/livereload' failed: Error in connection establishment: net::ERR_CONNECTION_REFUSED @ http://localhost:1313/livereload.js?mindelay=10&v=2&port=1313&path=livereload:1
[   19689ms] [ERROR] WebSocket connection to 'ws://localhost:1313/livereload' failed: Error in connection establishment: net::ERR_CONNECTION_REFUSED @ http://localhost:1313/livereload.js?mindelay=10&v=2&port=1313&path=livereload:1
[   22150ms] [ERROR] WebSocket connection to 'ws://localhost:1313/livereload' failed: Error in connection establishment: net::ERR_CONNECTION_REFUSED @ http://localhost:1313/livereload.js?mindelay=10&v=2&port=1313&path=livereload:1
[   24647ms] [ERROR] WebSocket connection to 'ws://localhost:1313/livereload' failed: Error in connection establishment: net::ERR_CONNECTION_REFUSED @ http://localhost:1313/livereload.js?mindelay=10&v=2&port=1313&path=livereload:1
[   27325ms] [ERROR] WebSocket connection to 'ws://localhost:1313/livereload' failed: Error in connection establishment: net::ERR_CONNECTION_REFUSED @ http://localhost:1313/livereload.js?mindelay=10&v=2&port=1313&path=livereload:1
[   30311ms] [ERROR] WebSocket connection to 'ws://localhost:1313/livereload' failed: Error in connection establishment: net::ERR_CONNECTION_REFUSED @ http://localhost:1313/livereload.js?mindelay=10&v=2&port=1313&path=livereload:1
[   33943ms] [ERROR] WebSocket connection to 'ws://localhost:1313/livereload' failed: Error in connection establishment: net::ERR_CONNECTION_REFUSED @ http://localhost:1313/livereload.js?mindelay=10&v=2&port=1313&path=livereload:1
[   38865ms] [ERROR] WebSocket connection to 'ws://localhost:1313/livereload' failed: Error in connection establishment: net::ERR_CONNECTION_REFUSED @ http://localhost:1313/livereload.js?mindelay=10&v=2&port=1313&path=livereload:1
[   46349ms] [ERROR] WebSocket connection to 'ws://localhost:1313/livereload' failed: Error in connection establishment: net::ERR_CONNECTION_REFUSED @ http://localhost:1313/livereload.js?mindelay=10&v=2&port=1313&path=livereload:1
[   58960ms] [ERROR] WebSocket connection to 'ws://localhost:1313/livereload' failed: Error in connection establishment: net::ERR_CONNECTION_REFUSED @ http://localhost:1313/livereload.js?mindelay=10&v=2&port=1313&path=livereload:1
[   81789ms] [ERROR] WebSocket connection to 'ws://localhost:1313/livereload' failed: Error in connection establishment: net::ERR_CONNECTION_REFUSED @ http://localhost:1313/livereload.js?mindelay=10&v=2&port=1313&path=livereload:1
[  453572ms] [LOG] particles.js loaded - callback @ http://localhost:1313/p/%E5%8D%9A%E5%AE%A2%E5%8A%9F%E8%83%BD%E6%8A%80%E6%9C%AF%E8%A7%A3%E6%9E%90-%E4%BB%8E%E9%9F%B3%E4%B9%90%E6%92%AD%E6%94%BE%E5%99%A8%E5%88%B0%E5%8A%A8%E6%80%81%E8%83%8C%E6%99%AF/:1287
[  453581ms] [LOG] 
 %c APlayer v1.10.1 af84efb %c http://aplayer.js.org 
 color: #fadfa3; background: #030307; padding:5px 0; background: #fadfa3; padding:5px 0; @ http://localhost:1313/lib/aplayer/APlayer.min.js:0
[  453982ms] [WARNING] Failed to execute 'postMessage' on 'DOMWindow': The target origin provided ('https://giscus.app') does not match the recipient window's origin ('http://localhost:1313'). @ http://localhost:1313/p/%E5%8D%9A%E5%AE%A2%E5%8A%9F%E8%83%BD%E6%8A%80%E6%9C%AF%E8%A7%A3%E6%9E%90-%E4%BB%8E%E9%9F%B3%E4%B9%90%E6%92%AD%E6%94%BE%E5%99%A8%E5%88%B0%E5%8A%A8%E6%80%81%E8%83%8C%E6%99%AF/:1198
[  459054ms] [LOG] particles.js loaded - callback @ http://localhost:1313/p/%E5%8D%9A%E5%AE%A2%E5%8A%9F%E8%83%BD%E6%8A%80%E6%9C%AF%E8%A7%A3%E6%9E%90-%E4%BB%8E%E9%9F%B3%E4%B9%90%E6%92%AD%E6%94%BE%E5%99%A8%E5%88%B0%E5%8A%A8%E6%80%81%E8%83%8C%E6%99%AF/:1287
[  459057ms] [LOG] 
 %c APlayer v1.10.1 af84efb %c http://aplayer.js.org 
 color: #fadfa3; background: #030307; padding:5px 0; background: #fadfa3; padding:5px 0; @ http://localhost:1313/lib/aplayer/APlayer.min.js:0
[  459218ms] [WARNING] Failed to execute 'postMessage' on 'DOMWindow': The target origin provided ('https://giscus.app') does not match the recipient window's origin ('http://localhost:1313'). @ http://localhost:1313/p/%E5%8D%9A%E5%AE%A2%E5%8A%9F%E8%83%BD%E6%8A%80%E6%9C%AF%E8%A7%A3%E6%9E%90-%E4%BB%8E%E9%9F%B3%E4%B9%90%E6%92%AD%E6%94%BE%E5%99%A8%E5%88%B0%E5%8A%A8%E6%80%81%E8%83%8C%E6%99%AF/:1198
