[     348ms] [LOG] particles.js loaded - callback @ http://localhost:1313/p/%E5%8D%9A%E5%AE%A2%E5%8A%9F%E8%83%BD%E6%8A%80%E6%9C%AF%E8%A7%A3%E6%9E%90-%E4%BB%8E%E9%9F%B3%E4%B9%90%E6%92%AD%E6%94%BE%E5%99%A8%E5%88%B0%E5%8A%A8%E6%80%81%E8%83%8C%E6%99%AF/:1276
[     349ms] [LOG] 
 %c APlayer v1.10.1 af84efb %c http://aplayer.js.org 
 color: #fadfa3; background: #030307; padding:5px 0; background: #fadfa3; padding:5px 0; @ http://localhost:1313/lib/aplayer/APlayer.min.js:0
[     634ms] [WARNING] Failed to execute 'postMessage' on 'DOMWindow': The target origin provided ('https://giscus.app') does not match the recipient window's origin ('http://localhost:1313'). @ http://localhost:1313/p/%E5%8D%9A%E5%AE%A2%E5%8A%9F%E8%83%BD%E6%8A%80%E6%9C%AF%E8%A7%A3%E6%9E%90-%E4%BB%8E%E9%9F%B3%E4%B9%90%E6%92%AD%E6%94%BE%E5%99%A8%E5%88%B0%E5%8A%A8%E6%80%81%E8%83%8C%E6%99%AF/:1187
[   21507ms] [ERROR] WebSocket connection to 'ws://localhost:1313/livereload' failed: Error in connection establishment: net::ERR_CONNECTION_REFUSED @ http://localhost:1313/livereload.js?mindelay=10&v=2&port=1313&path=livereload:1
[   23871ms] [ERROR] WebSocket connection to 'ws://localhost:1313/livereload' failed: Error in connection establishment: net::ERR_CONNECTION_REFUSED @ http://localhost:1313/livereload.js?mindelay=10&v=2&port=1313&path=livereload:1
[   26286ms] [ERROR] WebSocket connection to 'ws://localhost:1313/livereload' failed: Error in connection establishment: net::ERR_CONNECTION_REFUSED @ http://localhost:1313/livereload.js?mindelay=10&v=2&port=1313&path=livereload:1
[   28740ms] [ERROR] WebSocket connection to 'ws://localhost:1313/livereload' failed: Error in connection establishment: net::ERR_CONNECTION_REFUSED @ http://localhost:1313/livereload.js?mindelay=10&v=2&port=1313&path=livereload:1
[   31267ms] [ERROR] WebSocket connection to 'ws://localhost:1313/livereload' failed: Error in connection establishment: net::ERR_CONNECTION_REFUSED @ http://localhost:1313/livereload.js?mindelay=10&v=2&port=1313&path=livereload:1
[   33936ms] [ERROR] WebSocket connection to 'ws://localhost:1313/livereload' failed: Error in connection establishment: net::ERR_CONNECTION_REFUSED @ http://localhost:1313/livereload.js?mindelay=10&v=2&port=1313&path=livereload:1
[   36939ms] [ERROR] WebSocket connection to 'ws://localhost:1313/livereload' failed: Error in connection establishment: net::ERR_CONNECTION_REFUSED @ http://localhost:1313/livereload.js?mindelay=10&v=2&port=1313&path=livereload:1
[   40569ms] [ERROR] WebSocket connection to 'ws://localhost:1313/livereload' failed: Error in connection establishment: net::ERR_CONNECTION_REFUSED @ http://localhost:1313/livereload.js?mindelay=10&v=2&port=1313&path=livereload:1
[   45472ms] [ERROR] WebSocket connection to 'ws://localhost:1313/livereload' failed: Error in connection establishment: net::ERR_CONNECTION_REFUSED @ http://localhost:1313/livereload.js?mindelay=10&v=2&port=1313&path=livereload:1
[   52915ms] [ERROR] WebSocket connection to 'ws://localhost:1313/livereload' failed: Error in connection establishment: net::ERR_CONNECTION_REFUSED @ http://localhost:1313/livereload.js?mindelay=10&v=2&port=1313&path=livereload:1
[  348252ms] [ERROR] Failed to load resource: the server responded with a status of 404 (Not Found) @ http://localhost:1313/ts/main.44084ca3467326c34a9ba1df42ee644886efba22f7e61b1cf6b811ab5f050a81.js:0
[  348252ms] [ERROR] Refused to execute script from 'http://localhost:1313/ts/main.44084ca3467326c34a9ba1df42ee644886efba22f7e61b1cf6b811ab5f050a81.js' because its MIME type ('text/plain') is not executable, and strict MIME type checking is enabled. @ http://localhost:1313/p/%E5%8D%9A%E5%AE%A2%E5%8A%9F%E8%83%BD%E6%8A%80%E6%9C%AF%E8%A7%A3%E6%9E%90-%E4%BB%8E%E9%9F%B3%E4%B9%90%E6%92%AD%E6%94%BE%E5%99%A8%E5%88%B0%E5%8A%A8%E6%80%81%E8%83%8C%E6%99%AF/:1439
[  348254ms] [LOG] particles.js loaded - callback @ http://localhost:1313/p/%E5%8D%9A%E5%AE%A2%E5%8A%9F%E8%83%BD%E6%8A%80%E6%9C%AF%E8%A7%A3%E6%9E%90-%E4%BB%8E%E9%9F%B3%E4%B9%90%E6%92%AD%E6%94%BE%E5%99%A8%E5%88%B0%E5%8A%A8%E6%80%81%E8%83%8C%E6%99%AF/:1276
[  348256ms] [LOG] 
 %c APlayer v1.10.1 af84efb %c http://aplayer.js.org 
 color: #fadfa3; background: #030307; padding:5px 0; background: #fadfa3; padding:5px 0; @ http://localhost:1313/lib/aplayer/APlayer.min.js:0
